[0131/091613.157:WARNING:storage_block-inl.h(146)] Failed data load.
[0131/091613.572:WARNING:storage_block-inl.h(146)] Failed data load.
[0131/091614.172:WARNING:backend_impl.cc(1837)] Destroying invalid entry.
[0131/091614.174:WARNING:storage_block-inl.h(146)] Failed data load.
[0131/091614.177:ERROR:backend_impl.cc(1041)] Critical error found -8
[0131/091614.178:WARNING:storage_block-inl.h(146)] Failed data load.
[0131/091614.178:WARNING:storage_block-inl.h(146)] Failed data load.
[0131/091614.178:ERROR:entry_impl.cc(1075)] No file for c1030000
[0131/091614.178:WARNING:storage_block-inl.h(146)] Failed data load.
[0131/091614.178:WARNING:storage_block-inl.h(146)] Failed data load.
[0131/091614.178:WARNING:storage_block-inl.h(146)] Failed data load.
[0131/091614.178:WARNING:storage_block-inl.h(146)] Failed data load.
[0131/091614.178:ERROR:entry_impl.cc(1075)] No file for c1030002
[0131/091614.178:WARNING:storage_block-inl.h(146)] Failed data load.
[0131/091614.178:WARNING:storage_block-inl.h(146)] Failed data load.
[0131/091614.178:WARNING:storage_block-inl.h(146)] Failed data load.
[0131/091614.178:WARNING:storage_block-inl.h(146)] Failed data load.
[0131/091614.178:ERROR:entry_impl.cc(1075)] No file for c1030006
[0131/091614.178:WARNING:storage_block-inl.h(146)] Failed data load.
[0131/091614.178:WARNING:storage_block-inl.h(146)] Failed data load.
[0131/091614.178:WARNING:storage_block-inl.h(146)] Failed data load.
[0131/091614.178:WARNING:storage_block-inl.h(146)] Failed data load.
[0131/091614.178:ERROR:entry_impl.cc(1075)] No file for c103000a
[0131/091614.178:WARNING:storage_block-inl.h(146)] Failed data load.
[0131/091614.178:WARNING:storage_block-inl.h(146)] Failed data load.
[0131/091614.178:WARNING:storage_block-inl.h(146)] Failed data load.
[0131/091614.178:WARNING:storage_block-inl.h(146)] Failed data load.
[0131/091614.178:ERROR:entry_impl.cc(1075)] No file for c1030050
[0131/091614.178:WARNING:storage_block-inl.h(146)] Failed data load.
[0131/091614.178:WARNING:storage_block-inl.h(146)] Failed data load.
[0131/091614.178:WARNING:storage_block-inl.h(146)] Failed data load.
[0131/091614.178:WARNING:storage_block-inl.h(146)] Failed data load.
[0131/091614.178:ERROR:entry_impl.cc(1075)] No file for c1030004
[0131/091614.178:WARNING:storage_block-inl.h(146)] Failed data load.
[0131/091614.178:WARNING:storage_block-inl.h(146)] Failed data load.
[0131/091614.178:WARNING:storage_block-inl.h(146)] Failed data load.
[0131/091614.178:WARNING:storage_block-inl.h(146)] Failed data load.
[0131/091614.178:ERROR:entry_impl.cc(1075)] No file for c1030054
[0131/091614.178:WARNING:storage_block-inl.h(146)] Failed data load.
[0131/091614.178:WARNING:storage_block-inl.h(146)] Failed data load.
[0131/091614.178:WARNING:storage_block-inl.h(146)] Failed data load.
[0131/091614.178:WARNING:storage_block-inl.h(146)] Failed data load.
[0131/091614.178:ERROR:entry_impl.cc(1075)] No file for c1030058
[0131/091614.178:WARNING:storage_block-inl.h(146)] Failed data load.
[0131/091614.178:WARNING:storage_block-inl.h(146)] Failed data load.
[0131/091614.178:WARNING:storage_block-inl.h(146)] Failed data load.
[0131/091614.178:WARNING:storage_block-inl.h(146)] Failed data load.
[0131/091614.178:ERROR:entry_impl.cc(1075)] No file for c1030042
[0131/091614.178:WARNING:storage_block-inl.h(146)] Failed data load.
[0131/091614.178:WARNING:storage_block-inl.h(146)] Failed data load.
[0131/091614.178:WARNING:storage_block-inl.h(146)] Failed data load.
[0131/091614.178:WARNING:storage_block-inl.h(146)] Failed data load.
[0131/091614.178:ERROR:entry_impl.cc(1075)] No file for c1030052
[0131/091614.178:WARNING:storage_block-inl.h(146)] Failed data load.
[0131/091614.178:WARNING:storage_block-inl.h(146)] Failed data load.
[0131/091614.178:WARNING:storage_block-inl.h(146)] Failed data load.
[0131/091614.178:WARNING:storage_block-inl.h(146)] Failed data load.
[0131/091614.178:ERROR:entry_impl.cc(1075)] No file for c103004e
[0131/091614.178:WARNING:storage_block-inl.h(146)] Failed data load.
[0131/091614.178:WARNING:storage_block-inl.h(146)] Failed data load.
[0131/091614.178:WARNING:storage_block-inl.h(146)] Failed data load.
[0131/091614.178:WARNING:storage_block-inl.h(146)] Failed data load.
[0131/091614.178:ERROR:entry_impl.cc(1075)] No file for c1030038
[0131/091614.178:WARNING:storage_block-inl.h(146)] Failed data load.
[0131/091614.178:WARNING:storage_block-inl.h(146)] Failed data load.
[0131/091614.178:WARNING:storage_block-inl.h(146)] Failed data load.
[0131/091614.178:WARNING:storage_block-inl.h(146)] Failed data load.
[0131/091614.178:ERROR:entry_impl.cc(1075)] No file for c1030012
[0131/091614.178:WARNING:storage_block-inl.h(146)] Failed data load.
[0131/091614.178:WARNING:storage_block-inl.h(146)] Failed data load.
[0131/091614.178:WARNING:storage_block-inl.h(146)] Failed data load.
[0131/091614.178:WARNING:storage_block-inl.h(146)] Failed data load.
[0131/091614.178:ERROR:entry_impl.cc(1075)] No file for c1030010
[0131/091614.178:WARNING:storage_block-inl.h(146)] Failed data load.
[0131/091614.178:WARNING:storage_block-inl.h(146)] Failed data load.
[0131/091614.178:WARNING:storage_block-inl.h(146)] Failed data load.
[0131/091614.178:WARNING:storage_block-inl.h(146)] Failed data load.
[0131/091614.178:ERROR:entry_impl.cc(1075)] No file for c1030048
[0131/091614.178:WARNING:storage_block-inl.h(146)] Failed data load.
[0131/091614.178:WARNING:storage_block-inl.h(146)] Failed data load.
[0131/091614.178:WARNING:storage_block-inl.h(146)] Failed data load.
[0131/091614.178:WARNING:storage_block-inl.h(146)] Failed data load.
[0131/091614.178:ERROR:entry_impl.cc(1075)] No file for c103004c
[0131/091614.178:WARNING:storage_block-inl.h(146)] Failed data load.
[0131/091614.178:WARNING:storage_block-inl.h(146)] Failed data load.
[0131/091614.179:WARNING:storage_block-inl.h(146)] Failed data load.
[0131/091614.179:WARNING:storage_block-inl.h(146)] Failed data load.
[0131/091614.179:ERROR:entry_impl.cc(1075)] No file for c1030022
[0131/091614.179:WARNING:storage_block-inl.h(146)] Failed data load.
[0131/091614.179:WARNING:storage_block-inl.h(146)] Failed data load.
[0131/091614.179:WARNING:storage_block-inl.h(146)] Failed data load.
[0131/091614.179:WARNING:storage_block-inl.h(146)] Failed data load.
[0131/091614.179:ERROR:entry_impl.cc(1075)] No file for c1030016
[0131/091614.179:WARNING:storage_block-inl.h(146)] Failed data load.
[0131/091614.179:WARNING:storage_block-inl.h(146)] Failed data load.
[0131/091614.179:WARNING:storage_block-inl.h(146)] Failed data load.
[0131/091614.179:WARNING:storage_block-inl.h(146)] Failed data load.
[0131/091614.179:ERROR:entry_impl.cc(1075)] No file for c1030020
[0131/091614.179:WARNING:storage_block-inl.h(146)] Failed data load.
[0131/091614.179:WARNING:storage_block-inl.h(146)] Failed data load.
[0131/091614.179:WARNING:storage_block-inl.h(146)] Failed data load.
[0131/091614.179:WARNING:storage_block-inl.h(146)] Failed data load.
[0131/091614.179:ERROR:entry_impl.cc(1075)] No file for c1030014
[0131/091614.179:WARNING:storage_block-inl.h(146)] Failed data load.
[0131/091614.179:WARNING:storage_block-inl.h(146)] Failed data load.
[0131/091614.179:WARNING:storage_block-inl.h(146)] Failed data load.
[0131/091614.179:WARNING:storage_block-inl.h(146)] Failed data load.
[0131/091614.179:ERROR:entry_impl.cc(1075)] No file for c1030026
[0131/091614.179:WARNING:storage_block-inl.h(146)] Failed data load.
[0131/091614.179:WARNING:storage_block-inl.h(146)] Failed data load.
[0131/091614.179:WARNING:storage_block-inl.h(146)] Failed data load.
[0131/091614.179:WARNING:storage_block-inl.h(146)] Failed data load.
[0131/091614.179:ERROR:entry_impl.cc(1075)] No file for c103005a
[0131/091614.179:WARNING:storage_block-inl.h(146)] Failed data load.
[0131/091614.179:WARNING:storage_block-inl.h(146)] Failed data load.
[0131/091614.179:WARNING:storage_block-inl.h(146)] Failed data load.
[0131/091614.179:WARNING:storage_block-inl.h(146)] Failed data load.
[0131/091614.179:ERROR:entry_impl.cc(1075)] No file for c103003e
[0131/091614.179:WARNING:storage_block-inl.h(146)] Failed data load.
[0131/091614.179:WARNING:storage_block-inl.h(146)] Failed data load.
[0131/091614.180:WARNING:storage_block-inl.h(146)] Failed data load.
[0131/091614.180:WARNING:storage_block-inl.h(146)] Failed data load.
[0131/091614.181:WARNING:storage_block-inl.h(146)] Failed data load.
[0131/091614.181:WARNING:storage_block-inl.h(146)] Failed data load.
[0131/091614.182:WARNING:storage_block-inl.h(146)] Failed data load.
[0131/091614.184:WARNING:storage_block-inl.h(146)] Failed data load.
[0131/091614.186:WARNING:storage_block-inl.h(146)] Failed data load.
[0131/091614.189:WARNING:storage_block-inl.h(146)] Failed data load.
[0131/091614.192:WARNING:storage_block-inl.h(146)] Failed data load.
[0131/091614.193:WARNING:storage_block-inl.h(146)] Failed data load.
[0131/091614.193:WARNING:storage_block-inl.h(146)] Failed data load.
[0131/091614.193:WARNING:storage_block-inl.h(146)] Failed data load.
[0131/091614.194:WARNING:storage_block-inl.h(146)] Failed data load.
[0131/091614.194:WARNING:storage_block-inl.h(146)] Failed data load.
[0131/091614.195:WARNING:storage_block-inl.h(146)] Failed data load.
[0131/091614.195:WARNING:storage_block-inl.h(146)] Failed data load.
[0131/091614.195:WARNING:storage_block-inl.h(146)] Failed data load.
[0131/091614.195:WARNING:storage_block-inl.h(146)] Failed data load.
[0131/091614.195:WARNING:storage_block-inl.h(146)] Failed data load.
[0131/091614.195:WARNING:storage_block-inl.h(146)] Failed data load.
[0131/091614.195:WARNING:storage_block-inl.h(146)] Failed data load.
[0131/091614.245:WARNING:storage_block-inl.h(146)] Failed data load.
[0131/091614.245:WARNING:storage_block-inl.h(146)] Failed data load.
[0131/091614.245:WARNING:storage_block-inl.h(146)] Failed data load.
[0131/091614.245:WARNING:storage_block-inl.h(146)] Failed data load.
[0131/091614.245:WARNING:storage_block-inl.h(146)] Failed data load.
[0131/091614.246:WARNING:storage_block-inl.h(146)] Failed data load.
[0131/091614.246:WARNING:storage_block-inl.h(146)] Failed data load.
[0131/091614.247:WARNING:storage_block-inl.h(146)] Failed data load.
[0131/091614.248:ERROR:entry_impl.cc(998)] Failed to save user data
[0131/091813.008:ERROR:gpu_init.cc(426)] Passthrough is not supported, GL is disabled
[0131/093250.617:ERROR:entry_impl.cc(1075)] No file for 80000012
